Apr 12, 2017 2:19:09 AM org.apache.catalina.core.AprLifecycleListener lifecycleEvent
INFO: The Apache Tomcat Native library which allows optimal performance in production environments was not found on the java.library.path: /usr/java/packages/lib/amd64:/usr/lib64:/lib64:/lib:/usr/lib
Apr 12, 2017 2:19:09 AM org.apache.coyote.http11.Http11Protocol init
INFO: Initializing Coyote HTTP/1.1 on http-20203
Apr 12, 2017 2:19:09 AM org.apache.catalina.startup.Catalina load
INFO: Initialization processed in 1145 ms
Apr 12, 2017 2:19:09 AM org.apache.catalina.core.StandardService start
INFO: Starting service Catalina
Apr 12, 2017 2:19:09 AM org.apache.catalina.core.StandardEngine start
INFO: Starting Servlet Engine: Apache Tomcat/6.0.1
Apr 12, 2017 2:19:09 AM org.apache.catalina.core.StandardHost start
INFO: XML validation disabled
Apr 12, 2017 2:19:11 AM org.apache.coyote.http11.Http11Protocol start
INFO: Starting Coyote HTTP/1.1 on http-20203
Apr 12, 2017 2:19:11 AM org.apache.jk.common.ChannelSocket init
INFO: Port busy 8009 java.net.BindException: Address already in use
Apr 12, 2017 2:19:11 AM org.apache.jk.common.ChannelSocket init
INFO: Port busy 8010 java.net.BindException: Address already in use
Apr 12, 2017 2:19:11 AM org.apache.jk.common.ChannelSocket init
INFO: JK: ajp13 listening on /0.0.0.0:8011
Apr 12, 2017 2:19:11 AM org.apache.jk.server.JkMain start
INFO: Jk running ID=2 time=0/53  config=null
Apr 12, 2017 2:19:11 AM org.apache.catalina.startup.Catalina start
INFO: Server startup in 2063 ms
