Dec 02, 2017 11:51:28 AM org.apache.catalina.startup.Embedded initDirs
SEVERE: Cannot find specified temporary folder at /home/yuanma/CSC460_Prog4/tomcat//temp
Dec 02, 2017 11:51:29 AM org.apache.catalina.core.AprLifecycleListener lifecycleEvent
INFO: The Apache Tomcat Native library which allows optimal performance in production environments was not found on the java.library.path: /usr/java/packages/lib/amd64:/usr/lib64:/lib64:/lib:/usr/lib
Dec 02, 2017 11:51:29 AM org.apache.coyote.http11.Http11Protocol init
INFO: Initializing Coyote HTTP/1.1 on http-26032
Dec 02, 2017 11:51:29 AM org.apache.catalina.startup.Catalina load
INFO: Initialization processed in 323 ms
Dec 02, 2017 11:51:29 AM org.apache.catalina.core.StandardService start
INFO: Starting service Catalina
Dec 02, 2017 11:51:29 AM org.apache.catalina.core.StandardEngine start
INFO: Starting Servlet Engine: Apache Tomcat/6.0.1
Dec 02, 2017 11:51:29 AM org.apache.catalina.core.StandardHost start
INFO: XML validation disabled
Dec 02, 2017 11:51:29 AM org.apache.catalina.core.StandardContext start
SEVERE: Error listenerStart
Dec 02, 2017 11:51:29 AM org.apache.catalina.core.StandardContext start
SEVERE: Context [/examples] startup failed due to previous errors
Dec 02, 2017 11:51:30 AM org.apache.coyote.http11.Http11Protocol start
INFO: Starting Coyote HTTP/1.1 on http-26032
Dec 02, 2017 11:51:30 AM org.apache.jk.common.ChannelSocket init
INFO: Port busy 8009 java.net.BindException: Address already in use
Dec 02, 2017 11:51:30 AM org.apache.jk.common.ChannelSocket init
INFO: Port busy 8010 java.net.BindException: Address already in use
Dec 02, 2017 11:51:30 AM org.apache.jk.common.ChannelSocket init
INFO: Port busy 8011 java.net.BindException: Address already in use
Dec 02, 2017 11:51:30 AM org.apache.jk.common.ChannelSocket init
INFO: Port busy 8012 java.net.BindException: Address already in use
Dec 02, 2017 11:51:30 AM org.apache.jk.common.ChannelSocket init
INFO: Port busy 8013 java.net.BindException: Address already in use
Dec 02, 2017 11:51:30 AM org.apache.jk.common.ChannelSocket init
INFO: Port busy 8014 java.net.BindException: Address already in use
Dec 02, 2017 11:51:30 AM org.apache.jk.common.ChannelSocket init
INFO: Port busy 8015 java.net.BindException: Address already in use
Dec 02, 2017 11:51:30 AM org.apache.jk.common.ChannelSocket init
INFO: Port busy 8016 java.net.BindException: Address already in use
Dec 02, 2017 11:51:30 AM org.apache.jk.common.ChannelSocket init
INFO: Port busy 8017 java.net.BindException: Address already in use
Dec 02, 2017 11:51:30 AM org.apache.jk.common.ChannelSocket init
INFO: Port busy 8018 java.net.BindException: Address already in use
Dec 02, 2017 11:51:30 AM org.apache.jk.common.ChannelSocket init
INFO: Port busy 8019 java.net.BindException: Address already in use
Dec 02, 2017 11:51:30 AM org.apache.jk.common.ChannelSocket init
SEVERE: Can't find free port 8009 8019
Dec 02, 2017 11:51:30 AM org.apache.jk.server.JkMain start
INFO: Jk running ID=0 time=0/42  config=null
Dec 02, 2017 11:51:30 AM org.apache.catalina.startup.Catalina start
INFO: Server startup in 867 ms
Dec 02, 2017 11:54:40 AM org.apache.catalina.startup.HostConfig checkResources
INFO: Undeploying context []
