Nov 27, 2017 11:40:00 AM org.apache.catalina.core.AprLifecycleListener lifecycleEvent
INFO: The Apache Tomcat Native library which allows optimal performance in production environments was not found on the java.library.path: /usr/java/packages/lib/amd64:/usr/lib64:/lib64:/lib:/usr/lib
Nov 27, 2017 11:40:00 AM org.apache.coyote.http11.Http11Protocol init
INFO: Initializing Coyote HTTP/1.1 on http-26032
Nov 27, 2017 11:40:00 AM org.apache.catalina.startup.Catalina load
INFO: Initialization processed in 679 ms
Nov 27, 2017 11:40:00 AM org.apache.catalina.core.StandardService start
INFO: Starting service Catalina
Nov 27, 2017 11:40:00 AM org.apache.catalina.core.StandardEngine start
INFO: Starting Servlet Engine: Apache Tomcat/6.0.1
Nov 27, 2017 11:40:00 AM org.apache.catalina.core.StandardHost start
INFO: XML validation disabled
Nov 27, 2017 11:40:01 AM org.apache.coyote.http11.Http11Protocol start
INFO: Starting Coyote HTTP/1.1 on http-26032
Nov 27, 2017 11:40:01 AM org.apache.jk.common.ChannelSocket init
INFO: Port busy 8009 java.net.BindException: Address already in use
Nov 27, 2017 11:40:01 AM org.apache.jk.common.ChannelSocket init
INFO: Port busy 8010 java.net.BindException: Address already in use
Nov 27, 2017 11:40:01 AM org.apache.jk.common.ChannelSocket init
INFO: Port busy 8011 java.net.BindException: Address already in use
Nov 27, 2017 11:40:01 AM org.apache.jk.common.ChannelSocket init
INFO: JK: ajp13 listening on /0.0.0.0:8012
Nov 27, 2017 11:40:01 AM org.apache.jk.server.JkMain start
INFO: Jk running ID=3 time=0/25  config=null
Nov 27, 2017 11:40:01 AM org.apache.catalina.startup.Catalina start
INFO: Server startup in 1258 ms
Nov 27, 2017 11:47:49 AM org.apache.coyote.http11.Http11Protocol pause
INFO: Pausing Coyote HTTP/1.1 on http-26032
Nov 27, 2017 11:47:50 AM org.apache.catalina.core.StandardService stop
INFO: Stopping service Catalina
Nov 27, 2017 11:47:50 AM org.apache.coyote.http11.Http11Protocol destroy
INFO: Stopping Coyote HTTP/1.1 on http-26032
Nov 27, 2017 11:47:50 AM org.apache.catalina.core.AprLifecycleListener lifecycleEvent
INFO: Failed shutdown of Apache Portable Runtime
Nov 27, 2017 12:06:50 PM org.apache.catalina.core.AprLifecycleListener lifecycleEvent
INFO: The Apache Tomcat Native library which allows optimal performance in production environments was not found on the java.library.path: /usr/java/packages/lib/amd64:/usr/lib64:/lib64:/lib:/usr/lib
Nov 27, 2017 12:06:50 PM org.apache.coyote.http11.Http11Protocol init
INFO: Initializing Coyote HTTP/1.1 on http-26032
Nov 27, 2017 12:06:50 PM org.apache.catalina.startup.Catalina load
INFO: Initialization processed in 321 ms
Nov 27, 2017 12:06:50 PM org.apache.catalina.core.StandardService start
INFO: Starting service Catalina
Nov 27, 2017 12:06:50 PM org.apache.catalina.core.StandardEngine start
INFO: Starting Servlet Engine: Apache Tomcat/6.0.1
Nov 27, 2017 12:06:50 PM org.apache.catalina.core.StandardHost start
INFO: XML validation disabled
Nov 27, 2017 12:06:50 PM org.apache.coyote.http11.Http11Protocol start
INFO: Starting Coyote HTTP/1.1 on http-26032
Nov 27, 2017 12:06:51 PM org.apache.jk.common.ChannelSocket init
INFO: Port busy 8009 java.net.BindException: Address already in use
Nov 27, 2017 12:06:51 PM org.apache.jk.common.ChannelSocket init
INFO: Port busy 8010 java.net.BindException: Address already in use
Nov 27, 2017 12:06:51 PM org.apache.jk.common.ChannelSocket init
INFO: Port busy 8011 java.net.BindException: Address already in use
Nov 27, 2017 12:06:51 PM org.apache.jk.common.ChannelSocket init
INFO: JK: ajp13 listening on /0.0.0.0:8012
Nov 27, 2017 12:06:51 PM org.apache.jk.server.JkMain start
INFO: Jk running ID=3 time=0/32  config=null
Nov 27, 2017 12:06:51 PM org.apache.catalina.startup.Catalina start
INFO: Server startup in 894 ms
